0 info it worked if it ends with ok
1 verbose cli [ 'C:\\Program Files\\nodejs\\node.exe',
1 verbose cli   'C:\\Program Files\\nodejs\\node_modules\\npm\\bin\\npm-cli.js',
1 verbose cli   'run',
1 verbose cli   'start' ]
2 info using npm@3.10.10
3 info using node@v6.11.4
4 verbose run-script [ 'prestart', 'start', 'poststart' ]
5 info lifecycle server@1.0.0~prestart: server@1.0.0
6 silly lifecycle server@1.0.0~prestart: no script for prestart, continuing
7 info lifecycle server@1.0.0~start: server@1.0.0
8 verbose lifecycle server@1.0.0~start: unsafe-perm in lifecycle true
9 verbose lifecycle server@1.0.0~start: PATH: C:\Program Files\nodejs\node_modules\npm\bin\node-gyp-bin;C:\xampp\htdocs\VueExpressjs\server\node_modules\.bin;C:\Users\kingsley.abia\bin;C:\Users\kingsley.abia\AppData\Local\Programs\Git\mingw64\bin;C:\Users\kingsley.abia\AppData\Local\Programs\Git\usr\local\bin;C:\Users\kingsley.abia\AppData\Local\Programs\Git\usr\bin;C:\Users\kingsley.abia\AppData\Local\Programs\Git\usr\bin;C:\Users\kingsley.abia\AppData\Local\Programs\Git\mingw64\bin;C:\Users\kingsley.abia\AppData\Local\Programs\Git\usr\bin;C:\Users\kingsley.abia\bin;C:\ProgramData\Oracle\Java\javapath;C:\Program Files\Docker\Docker\Resources\bin;C:\Program Files (x86)\Intel\iCLS Client;C:\Program Files\Intel\iCLS Client;C:\WINDOWS\system32;C:\WINDOWS;C:\WINDOWS\System32\Wbem;C:\WINDOWS\System32\WindowsPowerShell\v1.0;C:\Program Files (x86)\Intel\Intel(R) Management Engine Components\DAL;C:\Program Files\Intel\Intel(R) Management Engine Components\DAL;C:\Program Files (x86)\Intel\Intel(R) Management Engine Components\IPT;C:\Program Files\Intel\Intel(R) Management Engine Components\IPT;C:\Program Files (x86)\Skype\Phone;C:\Program Files\Intel\WiFi\bin;C:\Program Files\Common Files\Intel\WirelessCommon;C:\Program Files\nodejs;C:\Program Files\MySQL\MySQL Utilities 1.6;C:\Program Files\MongoDB\Server\3.4\bin;C:\Users\kingsley.abia\Documents\nodejs\node_modules\express-generator\bin;C:\Program Files\MySQL\MySQL Server 5.5\bin;C:\Users\kingsley.abia\Downloads\spring-boot-cli-1.5.9.RELEASE-bin\spring-1.5.9.RELEASE\bin;C:\Program Files\Heroku\bin;C:\Program Files (x86)\C;C:\Users\kingsley.abia\AppData\Roaming\npm;C:\Users\kingsley.abia\AppData\Local\Continuum\Anaconda3;C:\Users\kingsley.abia\AppData\Local\Continuum\Anaconda3\Scripts;C:\Users\kingsley.abia\AppData\Local\Continuum\Anaconda3\Library\bin;C:\Users\kingsley.abia\AppData\Local\Microsoft\WindowsApps;C:\Users\kingsley.abia\AppData\Local\ComposerSetup\bin;C:\Users\kingsley.abia\AppData\Roaming\Composer\vendor\bin;C:\Users\kingsley.abia\AppData\Local\atom\bin;C:\Users\kingsley.abia\AppData\Local\Programs\Git\usr\bin\vendor_perl;C:\Users\kingsley.abia\AppData\Local\Programs\Git\usr\bin\core_perl
10 verbose lifecycle server@1.0.0~start: CWD: C:\xampp\htdocs\VueExpressjs\server
11 silly lifecycle server@1.0.0~start: Args: [ '/d /s /c',
11 silly lifecycle   './node_modules/nodemon/bin/nodemon.js src/app.js --exec \'npm run lint && node\'' ]
12 silly lifecycle server@1.0.0~start: Returned: code: 1  signal: null
13 info lifecycle server@1.0.0~start: Failed to exec start script
14 verbose stack Error: server@1.0.0 start: `./node_modules/nodemon/bin/nodemon.js src/app.js --exec 'npm run lint && node'`
14 verbose stack Exit status 1
14 verbose stack     at EventEmitter.<anonymous> (C:\Program Files\nodejs\node_modules\npm\lib\utils\lifecycle.js:255:16)
14 verbose stack     at emitTwo (events.js:106:13)
14 verbose stack     at EventEmitter.emit (events.js:191:7)
14 verbose stack     at ChildProcess.<anonymous> (C:\Program Files\nodejs\node_modules\npm\lib\utils\spawn.js:40:14)
14 verbose stack     at emitTwo (events.js:106:13)
14 verbose stack     at ChildProcess.emit (events.js:191:7)
14 verbose stack     at maybeClose (internal/child_process.js:920:16)
14 verbose stack     at Process.ChildProcess._handle.onexit (internal/child_process.js:230:5)
15 verbose pkgid server@1.0.0
16 verbose cwd C:\xampp\htdocs\VueExpressjs\server
17 error Windows_NT 10.0.17134
18 error argv "C:\\Program Files\\nodejs\\node.exe" "C:\\Program Files\\nodejs\\node_modules\\npm\\bin\\npm-cli.js" "run" "start"
19 error node v6.11.4
20 error npm  v3.10.10
21 error code ELIFECYCLE
22 error server@1.0.0 start: `./node_modules/nodemon/bin/nodemon.js src/app.js --exec 'npm run lint && node'`
22 error Exit status 1
23 error Failed at the server@1.0.0 start script './node_modules/nodemon/bin/nodemon.js src/app.js --exec 'npm run lint && node''.
23 error Make sure you have the latest version of node.js and npm installed.
23 error If you do, this is most likely a problem with the server package,
23 error not with npm itself.
23 error Tell the author that this fails on your system:
23 error     ./node_modules/nodemon/bin/nodemon.js src/app.js --exec 'npm run lint && node'
23 error You can get information on how to open an issue for this project with:
23 error     npm bugs server
23 error Or if that isn't available, you can get their info via:
23 error     npm owner ls server
23 error There is likely additional logging output above.
24 verbose exit [ 1, true ]
